Log file opened on Tue Apr 17 16:05:54 2018
Host: sanddollar.local  pid: 13721  rank ID: 0  number of ranks:  1
    :-) GROMACS - gmx mdrun, 2018.2-dev-20180410-f2c9e7785-dirty-unknown (-:

                            GROMACS is written by:
     Emile Apol      Rossen Apostolov      Paul Bauer     Herman J.C. Berendsen
    Par Bjelkmar    Aldert van Buuren   Rudi van Drunen     Anton Feenstra  
  Gerrit Groenhof    Aleksei Iupinov   Christoph Junghans   Anca Hamuraru   
 Vincent Hindriksen Dimitrios Karkoulis    Peter Kasson        Jiri Kraus    
  Carsten Kutzner      Per Larsson      Justin A. Lemkul    Viveca Lindahl  
  Magnus Lundborg   Pieter Meulenhoff    Erik Marklund      Teemu Murtola   
    Szilard Pall       Sander Pronk      Roland Schulz     Alexey Shvetsov  
   Michael Shirts     Alfons Sijbers     Peter Tieleman    Teemu Virolainen 
 Christian Wennberg    Maarten Wolf   
                           and the project leaders:
        Mark Abraham, Berk Hess, Erik Lindahl, and David van der Spoel

Copyright (c) 1991-2000, University of Groningen, The Netherlands.
Copyright (c) 2001-2017, The GROMACS development team at
Uppsala University, Stockholm University and
the Royal Institute of Technology, Sweden.
check out http://www.gromacs.org for more information.

GROMACS is free software; you can redistribute it and/or modify it
under the terms of the GNU Lesser General Public License
as published by the Free Software Foundation; either version 2.1
of the License, or (at your option) any later version.

GROMACS:      gmx mdrun, version 2018.2-dev-20180410-f2c9e7785-dirty-unknown
Executable:   /Users/viveca/programs/gromacs/2018/bin/gmx
Data prefix:  /Users/viveca/programs/gromacs/2018
Working dir:  /Users/viveca/presentations/awh-tutorial/1-2d/data
Command line:
  gmx mdrun -v -quiet -s ../topol.tpr -tableb ../table_b0.xvg

GROMACS version:    2018.2-dev-20180410-f2c9e7785-dirty-unknown
GIT SHA1 hash:      f2c9e7785cf77a6b6ede7a39654578185f4b285b (dirty)
Branched from:      unknown
Precision:          single
Memory model:       64 bit
MPI library:        thread_mpi
OpenMP support:     disabled
GPU support:        disabled
SIMD instructions:  AVX_256
FFT library:        fftw-3.3.5-sse2
RDTSCP usage:       enabled
TNG support:        enabled
Hwloc support:      hwloc-1.11.0
Tracing support:    disabled
Built on:           2018-04-16 20:31:04
Built by:           viveca@sanddollar.local [CMAKE]
Build OS/arch:      Darwin 16.7.0 x86_64
Build CPU vendor:   Intel
Build CPU brand:    Intel(R) Core(TM) i5-3427U CPU @ 1.80GHz
Build CPU family:   6   Model: 58   Stepping: 9
Build CPU features: aes apic avx clfsh cmov cx8 cx16 f16c htt intel lahf mmx msr nonstop_tsc pcid pclmuldq pdcm popcnt pse rdrnd rdtscp sse2 sse3 sse4.1 sse4.2 ssse3 tdt x2apic
C compiler:         /opt/local/bin/mpicc-openmpi-mp AppleClang 8.1.0.8020042
C compiler flags:    -mavx    -Wall -Wno-unused -Wunused-value -Wunused-parameter -Wno-unknown-pragmas  -O3 -DNDEBUG  
C++ compiler:       /opt/local/bin/mpicxx-openmpi-mp AppleClang 8.1.0.8020042
C++ compiler flags:  -mavx    -std=c++11  -Wdeprecated -Wextra -Wno-missing-field-initializers -Wpointer-arith -Wmissing-prototypes -Wall -Wno-unknown-pragmas  -O3 -DNDEBUG  


Running on 1 node with total 4 cores, 4 logical cores
Hardware detected:
  CPU info:
    Vendor: Intel
    Brand:  Intel(R) Core(TM) i5-3427U CPU @ 1.80GHz
    Family: 6   Model: 58   Stepping: 9
    Features: aes apic avx clfsh cmov cx8 cx16 f16c htt intel lahf mmx msr nonstop_tsc pcid pclmuldq pdcm popcnt pse rdrnd rdtscp sse2 sse3 sse4.1 sse4.2 ssse3 tdt x2apic
  Hardware topology: Only logical processor count


++++ PLEASE READ AND CITE THE FOLLOWING REFERENCE ++++
M. J. Abraham, T. Murtola, R. Schulz, S. Páll, J. C. Smith, B. Hess, E.
Lindahl
GROMACS: High performance molecular simulations through multi-level
parallelism from laptops to supercomputers
SoftwareX 1 (2015) pp. 19-25
-------- -------- --- Thank You --- -------- --------


++++ PLEASE READ AND CITE THE FOLLOWING REFERENCE ++++
S. Páll, M. J. Abraham, C. Kutzner, B. Hess, E. Lindahl
Tackling Exascale Software Challenges in Molecular Dynamics Simulations with
GROMACS
In S. Markidis & E. Laure (Eds.), Solving Software Challenges for Exascale 8759 (2015) pp. 3-27
-------- -------- --- Thank You --- -------- --------


++++ PLEASE READ AND CITE THE FOLLOWING REFERENCE ++++
S. Pronk, S. Páll, R. Schulz, P. Larsson, P. Bjelkmar, R. Apostolov, M. R.
Shirts, J. C. Smith, P. M. Kasson, D. van der Spoel, B. Hess, and E. Lindahl
GROMACS 4.5: a high-throughput and highly parallel open source molecular
simulation toolkit
Bioinformatics 29 (2013) pp. 845-54
-------- -------- --- Thank You --- -------- --------


++++ PLEASE READ AND CITE THE FOLLOWING REFERENCE ++++
B. Hess and C. Kutzner and D. van der Spoel and E. Lindahl
GROMACS 4: Algorithms for highly efficient, load-balanced, and scalable
molecular simulation
J. Chem. Theory Comput. 4 (2008) pp. 435-447
-------- -------- --- Thank You --- -------- --------


++++ PLEASE READ AND CITE THE FOLLOWING REFERENCE ++++
D. van der Spoel, E. Lindahl, B. Hess, G. Groenhof, A. E. Mark and H. J. C.
Berendsen
GROMACS: Fast, Flexible and Free
J. Comp. Chem. 26 (2005) pp. 1701-1719
-------- -------- --- Thank You --- -------- --------


++++ PLEASE READ AND CITE THE FOLLOWING REFERENCE ++++
E. Lindahl and B. Hess and D. van der Spoel
GROMACS 3.0: A package for molecular simulation and trajectory analysis
J. Mol. Mod. 7 (2001) pp. 306-317
-------- -------- --- Thank You --- -------- --------


++++ PLEASE READ AND CITE THE FOLLOWING REFERENCE ++++
H. J. C. Berendsen, D. van der Spoel and R. van Drunen
GROMACS: A message-passing parallel molecular dynamics implementation
Comp. Phys. Comm. 91 (1995) pp. 43-56
-------- -------- --- Thank You --- -------- --------

Input Parameters:
   integrator                     = bd
   tinit                          = 0
   dt                             = 0.0005
   nsteps                         = 100000
   init-step                      = 0
   simulation-part                = 1
   comm-mode                      = Linear
   nstcomm                        = 100
   bd-fric                        = 0
   ld-seed                        = -351906265
   emtol                          = 10
   emstep                         = 0.01
   niter                          = 20
   fcstep                         = 0
   nstcgsteep                     = 1000
   nbfgscorr                      = 10
   rtpi                           = 0.05
   nstxout                        = 0
   nstvout                        = 0
   nstfout                        = 0
   nstlog                         = 1000
   nstcalcenergy                  = 100
   nstenergy                      = 1000
   nstxout-compressed             = 0
   compressed-x-precision         = 1000
   cutoff-scheme                  = Group
   nstlist                        = 10
   ns-type                        = Simple
   pbc                            = no
   periodic-molecules             = false
   verlet-buffer-tolerance        = 0.005
   rlist                          = 0
   coulombtype                    = Cut-off
   coulomb-modifier               = None
   rcoulomb-switch                = 0
   rcoulomb                       = 0
   epsilon-r                      = 1
   epsilon-rf                     = inf
   vdw-type                       = Cut-off
   vdw-modifier                   = None
   rvdw-switch                    = 0
   rvdw                           = 0
   DispCorr                       = No
   table-extension                = 1
   fourierspacing                 = 0.12
   fourier-nx                     = 0
   fourier-ny                     = 0
   fourier-nz                     = 0
   pme-order                      = 4
   ewald-rtol                     = 1e-05
   ewald-rtol-lj                  = 0.001
   lj-pme-comb-rule               = Geometric
   ewald-geometry                 = 0
   epsilon-surface                = 0
   implicit-solvent               = No
   gb-algorithm                   = Still
   nstgbradii                     = 1
   rgbradii                       = 1
   gb-epsilon-solvent             = 80
   gb-saltconc                    = 0
   gb-obc-alpha                   = 1
   gb-obc-beta                    = 0.8
   gb-obc-gamma                   = 4.85
   gb-dielectric-offset           = 0.009
   sa-algorithm                   = Ace-approximation
   sa-surface-tension             = 2.05016
   tcoupl                         = No
   nsttcouple                     = -1
   nh-chain-length                = 0
   print-nose-hoover-chain-variables = false
   pcoupl                         = No
   pcoupltype                     = Isotropic
   nstpcouple                     = -1
   tau-p                          = 1
   compressibility (3x3):
      compressibility[    0]={ 0.00000e+00,  0.00000e+00,  0.00000e+00}
      compressibility[    1]={ 0.00000e+00,  0.00000e+00,  0.00000e+00}
      compressibility[    2]={ 0.00000e+00,  0.00000e+00,  0.00000e+00}
   ref-p (3x3):
      ref-p[    0]={ 0.00000e+00,  0.00000e+00,  0.00000e+00}
      ref-p[    1]={ 0.00000e+00,  0.00000e+00,  0.00000e+00}
      ref-p[    2]={ 0.00000e+00,  0.00000e+00,  0.00000e+00}
   refcoord-scaling               = No
   posres-com (3):
      posres-com[0]= 0.00000e+00
      posres-com[1]= 0.00000e+00
      posres-com[2]= 0.00000e+00
   posres-comB (3):
      posres-comB[0]= 0.00000e+00
      posres-comB[1]= 0.00000e+00
      posres-comB[2]= 0.00000e+00
   QMMM                           = false
   QMconstraints                  = 0
   QMMMscheme                     = 0
   MMChargeScaleFactor            = 1
qm-opts:
   ngQM                           = 0
   constraint-algorithm           = Lincs
   continuation                   = false
   Shake-SOR                      = false
   shake-tol                      = 0.0001
   lincs-order                    = 4
   lincs-iter                     = 1
   lincs-warnangle                = 30
   nwall                          = 0
   wall-type                      = 9-3
   wall-r-linpot                  = -1
   wall-atomtype[0]               = -1
   wall-atomtype[1]               = -1
   wall-density[0]                = 0
   wall-density[1]                = 0
   wall-ewald-zfac                = 3
   pull                           = true
   pull-cylinder-r                = 1.5
   pull-constr-tol                = 1e-06
   pull-print-COM                 = false
   pull-print-ref-value           = false
   pull-print-components          = false
   pull-nstxout                   = 20
   pull-nstfout                   = 0
   pull-ngroups                   = 5
   pull-group 0:
     atom: not available
     weight: not available
     pbcatom                        = -1
   pull-group 1:
     atom (1):
        atom[0]=0
     weight: not available
     pbcatom                        = -1
   pull-group 2:
     atom (1):
        atom[0]=1
     weight: not available
     pbcatom                        = -1
   pull-group 3:
     atom (1):
        atom[0]=2
     weight: not available
     pbcatom                        = -1
   pull-group 4:
     atom (1):
        atom[0]=3
     weight: not available
     pbcatom                        = -1
   pull-ncoords                   = 2
   pull-coord 0:
   type                           = external-potential
   potential-provider             = awh
   geometry                       = distance
   group[0]                       = 1
   group[1]                       = 2
   dim (3):
      dim[0]=1
      dim[1]=0
      dim[2]=0
   origin (3):
      origin[0]= 0.00000e+00
      origin[1]= 0.00000e+00
      origin[2]= 0.00000e+00
   vec (3):
      vec[0]= 0.00000e+00
      vec[1]= 0.00000e+00
      vec[2]= 0.00000e+00
   start                          = false
   init                           = 0
   rate                           = 0
   k                              = 0
   kB                             = 0
   pull-coord 1:
   type                           = external-potential
   potential-provider             = awh
   geometry                       = distance
   group[0]                       = 3
   group[1]                       = 4
   dim (3):
      dim[0]=1
      dim[1]=0
      dim[2]=0
   origin (3):
      origin[0]= 0.00000e+00
      origin[1]= 0.00000e+00
      origin[2]= 0.00000e+00
   vec (3):
      vec[0]= 0.00000e+00
      vec[1]= 0.00000e+00
      vec[2]= 0.00000e+00
   start                          = false
   init                           = 0
   rate                           = 0
   k                              = 0
   kB                             = 0
   awh                            = true
   awh-potential                  = convolved
   awh-seed                       = -1214976282
   awh-nstout                     = 20000
   awh-nstsample                  = 10
   awh-nsamples-update            = 10
   awh-share-bias-multisim        = false
   awh-nbias                      = 1
   awh1-error-init                = 3
   awh1-growth                    = exp-linear
   awh1-target                    = constant
   awh1-target-beta-scalng        = 0
   awh1-target-cutoff             = 0
   awh1-user-data                 = false
   awh1-share-group               = 0
   awh1-equilibrate-histogram     = false
   awh1-ndim                      = 2
   awh1-dim1:
    coord-provider                 = pull
    coord-index                    = 1
    start                          = 0.3
    end                            = 1.7
    period                         = 0
    force-constant                 = 8000
    diffusion                      = 0.1
    start                          = 0.3
    end                            = 1.7
    cover-diameter                 = 0
   awh1-dim2:
    coord-provider                 = pull
    coord-index                    = 2
    start                          = 0.3
    end                            = 1.7
    period                         = 0
    force-constant                 = 8000
    diffusion                      = 0.1
    start                          = 0.3
    end                            = 1.7
    cover-diameter                 = 0
   rotation                       = false
   interactiveMD                  = false
   disre                          = No
   disre-weighting                = Conservative
   disre-mixed                    = false
   dr-fc                          = 1000
   dr-tau                         = 0
   nstdisreout                    = 100
   orire-fc                       = 0
   orire-tau                      = 0
   nstorireout                    = 100
   free-energy                    = no
   cos-acceleration               = 0
   deform (3x3):
      deform[    0]={ 0.00000e+00,  0.00000e+00,  0.00000e+00}
      deform[    1]={ 0.00000e+00,  0.00000e+00,  0.00000e+00}
      deform[    2]={ 0.00000e+00,  0.00000e+00,  0.00000e+00}
   simulated-tempering            = false
   swapcoords                     = no
   userint1                       = 0
   userint2                       = 0
   userint3                       = 0
   userint4                       = 0
   userreal1                      = 0
   userreal2                      = 0
   userreal3                      = 0
   userreal4                      = 0
   applied-forces:
     electric-field:
       x:
         E0                       = 0
         omega                    = 0
         t0                       = 0
         sigma                    = 0
       y:
         E0                       = 0
         omega                    = 0
         t0                       = 0
         sigma                    = 0
       z:
         E0                       = 0
         omega                    = 0
         t0                       = 0
         sigma                    = 0
grpopts:
   nrdf:           3
   ref-t:     120.272
   tau-t:        0.05
annealing:          No
annealing-npoints:           0
   acc:	           0           0           0
   nfreeze:           N           Y           Y           N           Y           Y           N           Y           Y           N           Y           Y
   energygrp-flags[  0]: 0


Using SIMD all-vs-all kernels.

Using 1 MPI thread

Your simulation settings would have triggered the efficient all-vs-all
kernels in GROMACS 4.5, but these have not been implemented in GROMACS
4.6 and 5.x. If performance is important, please use GROMACS 4.5.7
or try cutoff-scheme = Verlet.


NOTE: This file uses the deprecated 'group' cutoff_scheme. This will be
removed in a future release when 'verlet' supports all interaction forms.

System total charge: 0.000
Potential shift: LJ r^-12: 0.000e+00 r^-6: 0.000e+00, Coulomb -0e+00
Table routines are used for coulomb: false
Table routines are used for vdw:     false
Cut-off's:   NS: 1e+18   Coulomb: 1e+18   LJ: 1e+18
Read user tables from ../table_b0.xvg with 201 data points.
Tabscale = 100 points/nm


Will apply potential COM pulling
with 2 pull coordinates and 4 groups
Pull group 1:     1 atoms, mass     0.010, weighted mass     0.010
Pull group 2:     1 atoms, mass     0.010, weighted mass     0.010
Pull group 3:     1 atoms, mass     0.010, weighted mass     0.010
Pull group 4:     1 atoms, mass     0.010, weighted mass     0.010
Intra-simulation communication will occur every 10 steps.
Center of mass motion removal mode is Linear
We have the following groups for center of mass motion removal:
  0:  rest
There are: 4 Atoms

++++ PLEASE READ AND CITE THE FOLLOWING REFERENCE ++++
V. Lindahl, J. Lidmar, B. Hess
Accelerated weight histogram method for exploring free energy landscapes
J. Chem. Phys. 141 (2014) pp. 044110
-------- -------- --- Thank You --- -------- --------


awh1: initial force correlation block length = 0.005 ps
awh1: force correlation number of blocks = 64
Started mdrun on rank 0 Tue Apr 17 16:05:54 2018
           Step           Time
              0        0.00000


   Energies (kJ/mol)
     Tab. Bonds        LJ (SR)   Coulomb (SR)   COM Pull En.      Potential
    0.00000e+00    0.00000e+00    0.00000e+00    7.83807e+00    7.83807e+00
    Kinetic En.   Total Energy    Temperature Pressure (bar)
    3.23570e-01    8.16164e+00    2.59444e+01    0.00000e+00

Large VCM(group rest):     15.64289,      0.00000,      0.00000, Temp-cm:  1.63133e+00
Large VCM(group rest):    -12.45997,      0.00000,      0.00000, Temp-cm:  1.03501e+00
           Step           Time
           1000        0.50000

   Energies (kJ/mol)
     Tab. Bonds        LJ (SR)   Coulomb (SR)   COM Pull En.      Potential
   -1.79114e+01    0.00000e+00    0.00000e+00   -7.17227e+00   -2.50837e+01
    Kinetic En.   Total Energy    Temperature Pressure (bar)
    1.72431e+00   -2.33594e+01    1.38258e+02    0.00000e+00

Large VCM(group rest):    -15.93017,      0.00000,      0.00000, Temp-cm:  1.69180e+00
           Step           Time
           2000        1.00000

   Energies (kJ/mol)
     Tab. Bonds        LJ (SR)   Coulomb (SR)   COM Pull En.      Potential
   -1.69280e+01    0.00000e+00    0.00000e+00   -2.69748e+01   -4.39027e+01
    Kinetic En.   Total Energy    Temperature Pressure (bar)
    2.42845e+00   -4.14743e+01    1.94717e+02    0.00000e+00

Large VCM(group rest):    -13.18435,      0.00000,      0.00000, Temp-cm:  1.15885e+00
           Step           Time
           3000        1.50000

Large VCM(group rest):     13.24577,      0.00000,      0.00000, Temp-cm:  1.16967e+00
   Energies (kJ/mol)
     Tab. Bonds        LJ (SR)   Coulomb (SR)   COM Pull En.      Potential
   -1.67718e+01    0.00000e+00    0.00000e+00   -4.68135e+01   -6.35854e+01
    Kinetic En.   Total Energy    Temperature Pressure (bar)
    2.50406e+00   -6.10813e+01    2.00780e+02    0.00000e+00

Large VCM(group rest):    -15.15219,      0.00000,      0.00000, Temp-cm:  1.53059e+00
           Step           Time
           4000        2.00000

   Energies (kJ/mol)
     Tab. Bonds        LJ (SR)   Coulomb (SR)   COM Pull En.      Potential
   -1.59245e+01    0.00000e+00    0.00000e+00   -6.36555e+01   -7.95800e+01
    Kinetic En.   Total Energy    Temperature Pressure (bar)
    1.35885e+00   -7.82211e+01    1.08954e+02    0.00000e+00

           Step           Time
           5000        2.50000

   Energies (kJ/mol)
     Tab. Bonds        LJ (SR)   Coulomb (SR)   COM Pull En.      Potential
   -1.77994e+01    0.00000e+00    0.00000e+00   -7.98813e+01   -9.76807e+01
    Kinetic En.   Total Energy    Temperature Pressure (bar)
    1.31957e+00   -9.63612e+01    1.05805e+02    0.00000e+00

           Step           Time
           6000        3.00000

Large VCM(group rest):    -12.59652,      0.00000,      0.00000, Temp-cm:  1.05781e+00
   Energies (kJ/mol)
     Tab. Bonds        LJ (SR)   Coulomb (SR)   COM Pull En.      Potential
   -1.06632e+01    0.00000e+00    0.00000e+00   -1.00661e+02   -1.11324e+02
    Kinetic En.   Total Energy    Temperature Pressure (bar)
    3.08379e+00   -1.08240e+02    2.47264e+02    0.00000e+00

Large VCM(group rest):     18.53312,      0.00000,      0.00000, Temp-cm:  2.28984e+00
Large VCM(group rest):     12.47757,      0.00000,      0.00000, Temp-cm:  1.03793e+00
           Step           Time
           7000        3.50000

   Energies (kJ/mol)
     Tab. Bonds        LJ (SR)   Coulomb (SR)   COM Pull En.      Potential
   -1.05430e+01    0.00000e+00    0.00000e+00   -1.18381e+02   -1.28924e+02
    Kinetic En.   Total Energy    Temperature Pressure (bar)
    3.63352e+00   -1.25291e+02    2.91341e+02    0.00000e+00

Large VCM(group rest):     14.79554,      0.00000,      0.00000, Temp-cm:  1.45939e+00
Large VCM(group rest):    -12.69037,      0.00000,      0.00000, Temp-cm:  1.07364e+00
           Step           Time
           8000        4.00000

   Energies (kJ/mol)
     Tab. Bonds        LJ (SR)   Coulomb (SR)   COM Pull En.      Potential
   -1.93188e+01    0.00000e+00    0.00000e+00   -1.37761e+02   -1.57080e+02
    Kinetic En.   Total Energy    Temperature Pressure (bar)
    1.40466e+00   -1.55675e+02    1.12628e+02    0.00000e+00

Large VCM(group rest):     13.47384,      0.00000,      0.00000, Temp-cm:  1.21030e+00
Large VCM(group rest):     20.57810,      0.00000,      0.00000, Temp-cm:  2.82306e+00
Large VCM(group rest):     15.03282,      0.00000,      0.00000, Temp-cm:  1.50657e+00
Large VCM(group rest):    -17.15542,      0.00000,      0.00000, Temp-cm:  1.96206e+00
           Step           Time
           9000        4.50000

   Energies (kJ/mol)
     Tab. Bonds        LJ (SR)   Coulomb (SR)   COM Pull En.      Potential
   -1.88407e+01    0.00000e+00    0.00000e+00   -1.52703e+02   -1.71543e+02
    Kinetic En.   Total Energy    Temperature Pressure (bar)
    1.45694e+00   -1.70086e+02    1.16820e+02    0.00000e+00

           Step           Time
          10000        5.00000

   Energies (kJ/mol)
     Tab. Bonds        LJ (SR)   Coulomb (SR)   COM Pull En.      Potential
   -1.99574e+01    0.00000e+00    0.00000e+00   -1.72333e+02   -1.92290e+02
    Kinetic En.   Total Energy    Temperature Pressure (bar)
    2.05469e+00   -1.90236e+02    1.64748e+02    0.00000e+00

Large VCM(group rest):     15.94018,      0.00000,      0.00000, Temp-cm:  1.69393e+00
           Step           Time
          11000        5.50000

   Energies (kJ/mol)
     Tab. Bonds        LJ (SR)   Coulomb (SR)   COM Pull En.      Potential
   -1.15818e+01    0.00000e+00    0.00000e+00   -1.93913e+02   -2.05495e+02
    Kinetic En.   Total Energy    Temperature Pressure (bar)
    1.93680e+00   -2.03558e+02    1.55296e+02    0.00000e+00

Large VCM(group rest):    -12.28107,      0.00000,      0.00000, Temp-cm:  1.00550e+00
           Step           Time
          12000        6.00000

   Energies (kJ/mol)
     Tab. Bonds        LJ (SR)   Coulomb (SR)   COM Pull En.      Potential
   -1.66044e+01    0.00000e+00    0.00000e+00   -2.07183e+02   -2.23788e+02
    Kinetic En.   Total Energy    Temperature Pressure (bar)
    1.40505e+00   -2.22383e+02    1.12659e+02    0.00000e+00

Large VCM(group rest):     12.28950,      0.00000,      0.00000, Temp-cm:  1.00688e+00
Large VCM(group rest):     13.43704,      0.00000,      0.00000, Temp-cm:  1.20369e+00
           Step           Time
          13000        6.50000

   Energies (kJ/mol)
     Tab. Bonds        LJ (SR)   Coulomb (SR)   COM Pull En.      Potential
   -1.43041e+01    0.00000e+00    0.00000e+00   -2.29756e+02   -2.44060e+02
    Kinetic En.   Total Energy    Temperature Pressure (bar)
    1.71800e+00   -2.42342e+02    1.37752e+02    0.00000e+00

Large VCM(group rest):    -12.72770,      0.00000,      0.00000, Temp-cm:  1.07996e+00
           Step           Time
          14000        7.00000

   Energies (kJ/mol)
     Tab. Bonds        LJ (SR)   Coulomb (SR)   COM Pull En.      Potential
   -1.47589e+01    0.00000e+00    0.00000e+00   -2.45486e+02   -2.60245e+02
    Kinetic En.   Total Energy    Temperature Pressure (bar)
    2.18270e+00   -2.58062e+02    1.75012e+02    0.00000e+00

Large VCM(group rest):    -12.92050,      0.00000,      0.00000, Temp-cm:  1.11293e+00
           Step           Time
          15000        7.50000

   Energies (kJ/mol)
     Tab. Bonds        LJ (SR)   Coulomb (SR)   COM Pull En.      Potential
   -1.65046e+01    0.00000e+00    0.00000e+00   -2.70520e+02   -2.87024e+02
    Kinetic En.   Total Energy    Temperature Pressure (bar)
    1.20093e+00   -2.85824e+02    9.62926e+01    0.00000e+00

           Step           Time
          16000        8.00000

   Energies (kJ/mol)
     Tab. Bonds        LJ (SR)   Coulomb (SR)   COM Pull En.      Potential
   -1.73271e+01    0.00000e+00    0.00000e+00   -2.90197e+02   -3.07524e+02
    Kinetic En.   Total Energy    Temperature Pressure (bar)
    1.85188e+00   -3.05672e+02    1.48486e+02    0.00000e+00

           Step           Time
          17000        8.50000

   Energies (kJ/mol)
     Tab. Bonds        LJ (SR)   Coulomb (SR)   COM Pull En.      Potential
   -1.64568e+01    0.00000e+00    0.00000e+00   -3.09941e+02   -3.26398e+02
    Kinetic En.   Total Energy    Temperature Pressure (bar)
    1.30095e+00   -3.25097e+02    1.04312e+02    0.00000e+00

           Step           Time
          18000        9.00000

   Energies (kJ/mol)
     Tab. Bonds        LJ (SR)   Coulomb (SR)   COM Pull En.      Potential
   -1.26399e+01    0.00000e+00    0.00000e+00   -3.27365e+02   -3.40005e+02
    Kinetic En.   Total Energy    Temperature Pressure (bar)
    2.29702e+00   -3.37708e+02    1.84179e+02    0.00000e+00

Large VCM(group rest):     15.77944,      0.00000,      0.00000, Temp-cm:  1.65994e+00
           Step           Time
          19000        9.50000

   Energies (kJ/mol)
     Tab. Bonds        LJ (SR)   Coulomb (SR)   COM Pull En.      Potential
   -1.81400e+01    0.00000e+00    0.00000e+00   -3.44400e+02   -3.62540e+02
    Kinetic En.   Total Energy    Temperature Pressure (bar)
    1.01589e+00   -3.61524e+02    8.14560e+01    0.00000e+00

Large VCM(group rest):    -14.02680,      0.00000,      0.00000, Temp-cm:  1.31167e+00
           Step           Time
          20000       10.00000

   Energies (kJ/mol)
     Tab. Bonds        LJ (SR)   Coulomb (SR)   COM Pull En.      Potential
   -1.15898e+01    0.00000e+00    0.00000e+00   -3.67807e+02   -3.79396e+02
    Kinetic En.   Total Energy    Temperature Pressure (bar)
    3.32154e+00   -3.76075e+02    2.66327e+02    0.00000e+00

           Step           Time
          21000       10.50000

   Energies (kJ/mol)
     Tab. Bonds        LJ (SR)   Coulomb (SR)   COM Pull En.      Potential
   -1.34079e+01    0.00000e+00    0.00000e+00   -3.85850e+02   -3.99258e+02
    Kinetic En.   Total Energy    Temperature Pressure (bar)
    2.65894e+00   -3.96599e+02    2.13198e+02    0.00000e+00

           Step           Time
          22000       11.00000

   Energies (kJ/mol)
     Tab. Bonds        LJ (SR)   Coulomb (SR)   COM Pull En.      Potential
   -1.65017e+01    0.00000e+00    0.00000e+00   -4.03165e+02   -4.19667e+02
    Kinetic En.   Total Energy    Temperature Pressure (bar)
    1.17776e+00   -4.18489e+02    9.44343e+01    0.00000e+00

           Step           Time
          23000       11.50000

   Energies (kJ/mol)
     Tab. Bonds        LJ (SR)   Coulomb (SR)   COM Pull En.      Potential
   -1.51454e+01    0.00000e+00    0.00000e+00   -4.20329e+02   -4.35475e+02
    Kinetic En.   Total Energy    Temperature Pressure (bar)
    3.93201e+00   -4.31543e+02    3.15275e+02    0.00000e+00

Large VCM(group rest):    -15.27475,      0.00000,      0.00000, Temp-cm:  1.55545e+00
           Step           Time
          24000       12.00000

   Energies (kJ/mol)
     Tab. Bonds        LJ (SR)   Coulomb (SR)   COM Pull En.      Potential
   -9.83762e+00    0.00000e+00    0.00000e+00   -4.50052e+02   -4.59889e+02
    Kinetic En.   Total Energy    Temperature Pressure (bar)
    1.56914e+00   -4.58320e+02    1.25816e+02    0.00000e+00

Large VCM(group rest):    -13.27042,      0.00000,      0.00000, Temp-cm:  1.17403e+00
           Step           Time
          25000       12.50000

   Energies (kJ/mol)
     Tab. Bonds        LJ (SR)   Coulomb (SR)   COM Pull En.      Potential
   -7.62714e+00    0.00000e+00    0.00000e+00   -4.70776e+02   -4.78403e+02
    Kinetic En.   Total Energy    Temperature Pressure (bar)
    8.58825e-01   -4.77544e+02    6.88620e+01    0.00000e+00

           Step           Time
          26000       13.00000

   Energies (kJ/mol)
     Tab. Bonds        LJ (SR)   Coulomb (SR)   COM Pull En.      Potential
   -1.86908e+01    0.00000e+00    0.00000e+00   -4.87033e+02   -5.05724e+02
    Kinetic En.   Total Energy    Temperature Pressure (bar)
    5.14714e-01   -5.05209e+02    4.12706e+01    0.00000e+00

Large VCM(group rest):     12.30623,      0.00000,      0.00000, Temp-cm:  1.00962e+00
           Step           Time
          27000       13.50000

   Energies (kJ/mol)
     Tab. Bonds        LJ (SR)   Coulomb (SR)   COM Pull En.      Potential
   -1.86877e+01    0.00000e+00    0.00000e+00   -5.04094e+02   -5.22781e+02
    Kinetic En.   Total Energy    Temperature Pressure (bar)
    3.00504e+00   -5.19776e+02    2.40949e+02    0.00000e+00

Large VCM(group rest):    -13.36116,      0.00000,      0.00000, Temp-cm:  1.19014e+00
Large VCM(group rest):    -15.35023,      0.00000,      0.00000, Temp-cm:  1.57086e+00
           Step           Time
          28000       14.00000

   Energies (kJ/mol)
     Tab. Bonds        LJ (SR)   Coulomb (SR)   COM Pull En.      Potential
   -1.56003e+01    0.00000e+00    0.00000e+00   -5.23948e+02   -5.39548e+02
    Kinetic En.   Total Energy    Temperature Pressure (bar)
    2.81869e+00   -5.36729e+02    2.26007e+02    0.00000e+00

Large VCM(group rest):     13.94467,      0.00000,      0.00000, Temp-cm:  1.29636e+00
           Step           Time
          29000       14.50000

   Energies (kJ/mol)
     Tab. Bonds        LJ (SR)   Coulomb (SR)   COM Pull En.      Potential
   -1.55660e+01    0.00000e+00    0.00000e+00   -5.43246e+02   -5.58812e+02
    Kinetic En.   Total Energy    Temperature Pressure (bar)
    1.01510e+00   -5.57797e+02    8.13927e+01    0.00000e+00

           Step           Time
          30000       15.00000

   Energies (kJ/mol)
     Tab. Bonds        LJ (SR)   Coulomb (SR)   COM Pull En.      Potential
   -1.61629e+01    0.00000e+00    0.00000e+00   -5.57219e+02   -5.73382e+02
    Kinetic En.   Total Energy    Temperature Pressure (bar)
    4.10513e+00   -5.69277e+02    3.29156e+02    0.00000e+00

Large VCM(group rest):    -15.73333,      0.00000,      0.00000, Temp-cm:  1.65025e+00
           Step           Time
          31000       15.50000

   Energies (kJ/mol)
     Tab. Bonds        LJ (SR)   Coulomb (SR)   COM Pull En.      Potential
   -1.23345e+01    0.00000e+00    0.00000e+00   -5.79294e+02   -5.91628e+02
    Kinetic En.   Total Energy    Temperature Pressure (bar)
    2.11987e+00   -5.89508e+02    1.69975e+02    0.00000e+00

           Step           Time
          32000       16.00000

   Energies (kJ/mol)
     Tab. Bonds        LJ (SR)   Coulomb (SR)   COM Pull En.      Potential
   -1.05583e+01    0.00000e+00    0.00000e+00   -5.98922e+02   -6.09480e+02
    Kinetic En.   Total Energy    Temperature Pressure (bar)
    2.15654e+00   -6.07324e+02    1.72915e+02    0.00000e+00

           Step           Time
          33000       16.50000

   Energies (kJ/mol)
     Tab. Bonds        LJ (SR)   Coulomb (SR)   COM Pull En.      Potential
   -8.24489e+00    0.00000e+00    0.00000e+00   -6.16396e+02   -6.24641e+02
    Kinetic En.   Total Energy    Temperature Pressure (bar)
    2.56879e+00   -6.22072e+02    2.05969e+02    0.00000e+00

Large VCM(group rest):    -13.22226,      0.00000,      0.00000, Temp-cm:  1.16552e+00
           Step           Time
          34000       17.00000

   Energies (kJ/mol)
     Tab. Bonds        LJ (SR)   Coulomb (SR)   COM Pull En.      Potential
   -1.18110e+01    0.00000e+00    0.00000e+00   -6.36964e+02   -6.48775e+02
    Kinetic En.   Total Energy    Temperature Pressure (bar)
    4.95143e-01   -6.48280e+02    3.97014e+01    0.00000e+00

           Step           Time
          35000       17.50000

   Energies (kJ/mol)
     Tab. Bonds        LJ (SR)   Coulomb (SR)   COM Pull En.      Potential
   -1.38731e+01    0.00000e+00    0.00000e+00   -6.53429e+02   -6.67302e+02
    Kinetic En.   Total Energy    Temperature Pressure (bar)
    1.03258e+00   -6.66270e+02    8.27939e+01    0.00000e+00

           Step           Time
          36000       18.00000

   Energies (kJ/mol)
     Tab. Bonds        LJ (SR)   Coulomb (SR)   COM Pull En.      Potential
   -1.32873e+01    0.00000e+00    0.00000e+00   -6.76556e+02   -6.89843e+02
    Kinetic En.   Total Energy    Temperature Pressure (bar)
    2.21552e+00   -6.87627e+02    1.77644e+02    0.00000e+00

Large VCM(group rest):    -12.36445,      0.00000,      0.00000, Temp-cm:  1.01920e+00
           Step           Time
          37000       18.50000

   Energies (kJ/mol)
     Tab. Bonds        LJ (SR)   Coulomb (SR)   COM Pull En.      Potential
   -8.46035e+00    0.00000e+00    0.00000e+00   -7.05138e+02   -7.13598e+02
    Kinetic En.   Total Energy    Temperature Pressure (bar)
    2.76005e+00   -7.10838e+02    2.21305e+02    0.00000e+00

           Step           Time
          38000       19.00000


awh1: covering at t = 19 ps. Decreased the update size.
   Energies (kJ/mol)
     Tab. Bonds        LJ (SR)   Coulomb (SR)   COM Pull En.      Potential
   -1.68722e+01    0.00000e+00    0.00000e+00   -7.18273e+02   -7.35145e+02
    Kinetic En.   Total Energy    Temperature Pressure (bar)
    1.15201e+00   -7.33993e+02    9.23704e+01    0.00000e+00

Large VCM(group rest):    -13.70624,      0.00000,      0.00000, Temp-cm:  1.25241e+00
           Step           Time
          39000       19.50000

   Energies (kJ/mol)
     Tab. Bonds        LJ (SR)   Coulomb (SR)   COM Pull En.      Potential
   -1.51969e+01    0.00000e+00    0.00000e+00   -7.31683e+02   -7.46880e+02
    Kinetic En.   Total Energy    Temperature Pressure (bar)
    3.09596e+00   -7.43784e+02    2.48239e+02    0.00000e+00

Large VCM(group rest):    -15.93946,      0.00000,      0.00000, Temp-cm:  1.69378e+00
           Step           Time
          40000       20.00000

   Energies (kJ/mol)
     Tab. Bonds        LJ (SR)   Coulomb (SR)   COM Pull En.      Potential
   -1.51017e+01    0.00000e+00    0.00000e+00   -7.42112e+02   -7.57214e+02
    Kinetic En.   Total Energy    Temperature Pressure (bar)
    1.13833e+00   -7.56076e+02    9.12733e+01    0.00000e+00

Large VCM(group rest):    -12.46515,      0.00000,      0.00000, Temp-cm:  1.03587e+00
           Step           Time
          41000       20.50000

   Energies (kJ/mol)
     Tab. Bonds        LJ (SR)   Coulomb (SR)   COM Pull En.      Potential
   -1.90582e+01    0.00000e+00    0.00000e+00   -7.46684e+02   -7.65742e+02
    Kinetic En.   Total Energy    Temperature Pressure (bar)
    1.03547e+00   -7.64707e+02    8.30256e+01    0.00000e+00

Large VCM(group rest):     20.59045,      0.00000,      0.00000, Temp-cm:  2.82644e+00
           Step           Time
          42000       21.00000

   Energies (kJ/mol)
     Tab. Bonds        LJ (SR)   Coulomb (SR)   COM Pull En.      Potential
   -1.31298e+01    0.00000e+00    0.00000e+00   -7.62835e+02   -7.75964e+02
    Kinetic En.   Total Energy    Temperature Pressure (bar)
    3.50529e+00   -7.72459e+02    2.81060e+02    0.00000e+00

           Step           Time
          43000       21.50000

   Energies (kJ/mol)
     Tab. Bonds        LJ (SR)   Coulomb (SR)   COM Pull En.      Potential
   -1.21999e+01    0.00000e+00    0.00000e+00   -7.74713e+02   -7.86913e+02
    Kinetic En.   Total Energy    Temperature Pressure (bar)
    1.24575e+00   -7.85667e+02    9.98866e+01    0.00000e+00

Large VCM(group rest):    -16.88342,      0.00000,      0.00000, Temp-cm:  1.90033e+00
           Step           Time
          44000       22.00000

   Energies (kJ/mol)
     Tab. Bonds        LJ (SR)   Coulomb (SR)   COM Pull En.      Potential
   -1.94706e+01    0.00000e+00    0.00000e+00   -7.79089e+02   -7.98560e+02
    Kinetic En.   Total Energy    Temperature Pressure (bar)
    1.69281e+00   -7.96867e+02    1.35732e+02    0.00000e+00

           Step           Time
          45000       22.50000

   Energies (kJ/mol)
     Tab. Bonds        LJ (SR)   Coulomb (SR)   COM Pull En.      Potential
   -1.55001e+01    0.00000e+00    0.00000e+00   -7.95169e+02   -8.10669e+02
    Kinetic En.   Total Energy    Temperature Pressure (bar)
    1.08657e+00   -8.09583e+02    8.71226e+01    0.00000e+00

           Step           Time
          46000       23.00000

   Energies (kJ/mol)
     Tab. Bonds        LJ (SR)   Coulomb (SR)   COM Pull En.      Potential
   -1.78101e+01    0.00000e+00    0.00000e+00   -8.03523e+02   -8.21333e+02
    Kinetic En.   Total Energy    Temperature Pressure (bar)
    1.93617e+00   -8.19397e+02    1.55245e+02    0.00000e+00

Large VCM(group rest):    -13.67141,      0.00000,      0.00000, Temp-cm:  1.24605e+00
           Step           Time
          47000       23.50000

   Energies (kJ/mol)
     Tab. Bonds        LJ (SR)   Coulomb (SR)   COM Pull En.      Potential
   -9.26507e+00    0.00000e+00    0.00000e+00   -8.21903e+02   -8.31168e+02
    Kinetic En.   Total Energy    Temperature Pressure (bar)
    1.16737e+00   -8.30000e+02    9.36015e+01    0.00000e+00

Large VCM(group rest):    -15.39997,      0.00000,      0.00000, Temp-cm:  1.58106e+00
Large VCM(group rest):     17.49060,      0.00000,      0.00000, Temp-cm:  2.03947e+00
           Step           Time
          48000       24.00000

   Energies (kJ/mol)
     Tab. Bonds        LJ (SR)   Coulomb (SR)   COM Pull En.      Potential
   -1.19221e+01    0.00000e+00    0.00000e+00   -8.34585e+02   -8.46507e+02
    Kinetic En.   Total Energy    Temperature Pressure (bar)
    1.90948e+00   -8.44598e+02    1.53105e+02    0.00000e+00

Large VCM(group rest):     14.27565,      0.00000,      0.00000, Temp-cm:  1.35863e+00
           Step           Time
          49000       24.50000

   Energies (kJ/mol)
     Tab. Bonds        LJ (SR)   Coulomb (SR)   COM Pull En.      Potential
   -1.20357e+01    0.00000e+00    0.00000e+00   -8.46748e+02   -8.58784e+02
    Kinetic En.   Total Energy    Temperature Pressure (bar)
    1.42888e+00   -8.57355e+02    1.14570e+02    0.00000e+00

           Step           Time
          50000       25.00000

   Energies (kJ/mol)
     Tab. Bonds        LJ (SR)   Coulomb (SR)   COM Pull En.      Potential
   -1.01625e+01    0.00000e+00    0.00000e+00   -8.60528e+02   -8.70691e+02
    Kinetic En.   Total Energy    Temperature Pressure (bar)
    1.40794e+00   -8.69283e+02    1.12891e+02    0.00000e+00

           Step           Time
          51000       25.50000

   Energies (kJ/mol)
     Tab. Bonds        LJ (SR)   Coulomb (SR)   COM Pull En.      Potential
   -1.10319e+01    0.00000e+00    0.00000e+00   -8.74410e+02   -8.85442e+02
    Kinetic En.   Total Energy    Temperature Pressure (bar)
    2.05209e+00   -8.83390e+02    1.64540e+02    0.00000e+00

           Step           Time
          52000       26.00000

   Energies (kJ/mol)
     Tab. Bonds        LJ (SR)   Coulomb (SR)   COM Pull En.      Potential
   -9.38134e+00    0.00000e+00    0.00000e+00   -8.87860e+02   -8.97242e+02
    Kinetic En.   Total Energy    Temperature Pressure (bar)
    1.47377e+00   -8.95768e+02    1.18169e+02    0.00000e+00

Large VCM(group rest):     19.24196,      0.00000,      0.00000, Temp-cm:  2.46835e+00
           Step           Time
          53000       26.50000


awh1: covering at t = 26.5 ps. Decreased the update size.

awh1: out of the initial stage at t = 26.5.

awh1 warning: at t = 26.5 ps the obtained coordinate distribution at
coordinate value (0.366667,0.366667) is less than a fraction 0.5 of the
reference distribution at that point. If you are not certain about your
settings you might want to increase your pull force constant or modify your
sampling region.
   Energies (kJ/mol)
     Tab. Bonds        LJ (SR)   Coulomb (SR)   COM Pull En.      Potential
   -1.29518e+01    0.00000e+00    0.00000e+00   -8.96983e+02   -9.09935e+02
    Kinetic En.   Total Energy    Temperature Pressure (bar)
    1.92471e+00   -9.08010e+02    1.54326e+02    0.00000e+00

Large VCM(group rest):    -13.54447,      0.00000,      0.00000, Temp-cm:  1.22302e+00
Large VCM(group rest):    -14.35328,      0.00000,      0.00000, Temp-cm:  1.37344e+00
           Step           Time
          54000       27.00000


awh1 warning: at t = 27 ps the obtained coordinate distribution at coordinate
value (0.366667,0.366667) is less than a fraction 0.5 of the reference
distribution at that point. If you are not certain about your settings you
might want to increase your pull force constant or modify your sampling
region.
   Energies (kJ/mol)
     Tab. Bonds        LJ (SR)   Coulomb (SR)   COM Pull En.      Potential
   -1.64951e+01    0.00000e+00    0.00000e+00   -9.01887e+02   -9.18382e+02
    Kinetic En.   Total Energy    Temperature Pressure (bar)
    2.26555e+00   -9.16116e+02    1.81655e+02    0.00000e+00

Large VCM(group rest):    -23.70568,      0.00000,      0.00000, Temp-cm:  3.74639e+00
           Step           Time
          55000       27.50000


awh1 warning: at t = 27.5 ps the obtained coordinate distribution at
coordinate value (0.366667,0.366667) is less than a fraction 0.5 of the
reference distribution at that point. If you are not certain about your
settings you might want to increase your pull force constant or modify your
sampling region.
   Energies (kJ/mol)
     Tab. Bonds        LJ (SR)   Coulomb (SR)   COM Pull En.      Potential
   -1.57834e+01    0.00000e+00    0.00000e+00   -9.13691e+02   -9.29475e+02
    Kinetic En.   Total Energy    Temperature Pressure (bar)
    2.56546e+00   -9.26909e+02    2.05702e+02    0.00000e+00

           Step           Time
          56000       28.00000


awh1 warning: at t = 28 ps the obtained coordinate distribution at coordinate
value (0.366667,0.366667) is less than a fraction 0.5 of the reference
distribution at that point. If you are not certain about your settings you
might want to increase your pull force constant or modify your sampling
region.
   Energies (kJ/mol)
     Tab. Bonds        LJ (SR)   Coulomb (SR)   COM Pull En.      Potential
   -4.63594e+00    0.00000e+00    0.00000e+00   -9.31094e+02   -9.35730e+02
    Kinetic En.   Total Energy    Temperature Pressure (bar)
    3.04868e-01   -9.35425e+02    2.44448e+01    0.00000e+00

           Step           Time
          57000       28.50000


awh1 warning: at t = 28.5 ps the obtained coordinate distribution at
coordinate value (0.366667,0.366667) is less than a fraction 0.5 of the
reference distribution at that point. If you are not certain about your
settings you might want to increase your pull force constant or modify your
sampling region.
   Energies (kJ/mol)
     Tab. Bonds        LJ (SR)   Coulomb (SR)   COM Pull En.      Potential
   -1.60269e+01    0.00000e+00    0.00000e+00   -9.31006e+02   -9.47033e+02
    Kinetic En.   Total Energy    Temperature Pressure (bar)
    9.36252e-01   -9.46097e+02    7.50701e+01    0.00000e+00

           Step           Time
          58000       29.00000


awh1 warning: at t = 29 ps the obtained coordinate distribution at coordinate
value (0.366667,0.366667) is less than a fraction 0.5 of the reference
distribution at that point. If you are not certain about your settings you
might want to increase your pull force constant or modify your sampling
region.
   Energies (kJ/mol)
     Tab. Bonds        LJ (SR)   Coulomb (SR)   COM Pull En.      Potential
   -1.55018e+01    0.00000e+00    0.00000e+00   -9.38495e+02   -9.53997e+02
    Kinetic En.   Total Energy    Temperature Pressure (bar)
    1.24661e+00   -9.52750e+02    9.99555e+01    0.00000e+00

           Step           Time
          59000       29.50000


awh1 warning: at t = 29.5 ps the obtained coordinate distribution at
coordinate value (0.366667,0.366667) is less than a fraction 0.5 of the
reference distribution at that point. If you are not certain about your
settings you might want to increase your pull force constant or modify your
sampling region.
   Energies (kJ/mol)
     Tab. Bonds        LJ (SR)   Coulomb (SR)   COM Pull En.      Potential
   -1.45707e+01    0.00000e+00    0.00000e+00   -9.44692e+02   -9.59263e+02
    Kinetic En.   Total Energy    Temperature Pressure (bar)
    1.40403e+00   -9.57859e+02    1.12577e+02    0.00000e+00

Large VCM(group rest):    -14.52556,      0.00000,      0.00000, Temp-cm:  1.40661e+00
           Step           Time
          60000       30.00000


awh1 warning: at t = 30 ps the obtained coordinate distribution at coordinate
value (0.366667,0.366667) is less than a fraction 0.5 of the reference
distribution at that point. If you are not certain about your settings you
might want to increase your pull force constant or modify your sampling
region.
   Energies (kJ/mol)
     Tab. Bonds        LJ (SR)   Coulomb (SR)   COM Pull En.      Potential
   -1.60760e+01    0.00000e+00    0.00000e+00   -9.53010e+02   -9.69086e+02
    Kinetic En.   Total Energy    Temperature Pressure (bar)
    1.99969e+00   -9.67086e+02    1.60338e+02    0.00000e+00

           Step           Time
          61000       30.50000


awh1 warning: at t = 30.5 ps the obtained coordinate distribution at
coordinate value (0.366667,0.366667) is less than a fraction 0.5 of the
reference distribution at that point. If you are not certain about your
settings you might want to increase your pull force constant or modify your
sampling region.
   Energies (kJ/mol)
     Tab. Bonds        LJ (SR)   Coulomb (SR)   COM Pull En.      Potential
   -1.12156e+01    0.00000e+00    0.00000e+00   -9.67899e+02   -9.79114e+02
    Kinetic En.   Total Energy    Temperature Pressure (bar)
    1.41849e+00   -9.77696e+02    1.13737e+02    0.00000e+00

Large VCM(group rest):    -12.55745,      0.00000,      0.00000, Temp-cm:  1.05126e+00
Large VCM(group rest):     12.79342,      0.00000,      0.00000, Temp-cm:  1.09114e+00
Large VCM(group rest):     17.11486,      0.00000,      0.00000, Temp-cm:  1.95279e+00
Large VCM(group rest):    -13.70437,      0.00000,      0.00000, Temp-cm:  1.25206e+00
           Step           Time
          62000       31.00000


awh1 warning: at t = 31 ps the obtained coordinate distribution at coordinate
value (0.366667,0.366667) is less than a fraction 0.5 of the reference
distribution at that point. If you are not certain about your settings you
might want to increase your pull force constant or modify your sampling
region.

awh1: suppressing future AWH warnings.
   Energies (kJ/mol)
     Tab. Bonds        LJ (SR)   Coulomb (SR)   COM Pull En.      Potential
   -6.25825e+00    0.00000e+00    0.00000e+00   -9.75854e+02   -9.82113e+02
    Kinetic En.   Total Energy    Temperature Pressure (bar)
    3.38018e+00   -9.78732e+02    2.71028e+02    0.00000e+00

           Step           Time
          63000       31.50000

Large VCM(group rest):    -13.37050,      0.00000,      0.00000, Temp-cm:  1.19180e+00
   Energies (kJ/mol)
     Tab. Bonds        LJ (SR)   Coulomb (SR)   COM Pull En.      Potential
   -1.92621e+01    0.00000e+00    0.00000e+00   -9.69138e+02   -9.88400e+02
    Kinetic En.   Total Energy    Temperature Pressure (bar)
    1.78686e+00   -9.86613e+02    1.43273e+02    0.00000e+00

Large VCM(group rest):     12.50473,      0.00000,      0.00000, Temp-cm:  1.04245e+00
           Step           Time
          64000       32.00000

   Energies (kJ/mol)
     Tab. Bonds        LJ (SR)   Coulomb (SR)   COM Pull En.      Potential
   -1.53777e+01    0.00000e+00    0.00000e+00   -9.80200e+02   -9.95577e+02
    Kinetic En.   Total Energy    Temperature Pressure (bar)
    1.04016e+00   -9.94537e+02    8.34018e+01    0.00000e+00

           Step           Time
          65000       32.50000

   Energies (kJ/mol)
     Tab. Bonds        LJ (SR)   Coulomb (SR)   COM Pull En.      Potential
   -1.05195e+01    0.00000e+00    0.00000e+00   -9.88173e+02   -9.98692e+02
    Kinetic En.   Total Energy    Temperature Pressure (bar)
    1.81210e+00   -9.96880e+02    1.45297e+02    0.00000e+00

           Step           Time
          66000       33.00000

   Energies (kJ/mol)
     Tab. Bonds        LJ (SR)   Coulomb (SR)   COM Pull En.      Potential
   -1.11662e+01    0.00000e+00    0.00000e+00   -9.92440e+02   -1.00361e+03
    Kinetic En.   Total Energy    Temperature Pressure (bar)
    4.91567e+00   -9.98690e+02    3.94146e+02    0.00000e+00

Large VCM(group rest):     14.23331,      0.00000,      0.00000, Temp-cm:  1.35058e+00
           Step           Time
          67000       33.50000

   Energies (kJ/mol)
     Tab. Bonds        LJ (SR)   Coulomb (SR)   COM Pull En.      Potential
   -1.11984e+01    0.00000e+00    0.00000e+00   -9.97567e+02   -1.00876e+03
    Kinetic En.   Total Energy    Temperature Pressure (bar)
    1.47738e+00   -1.00729e+03    1.18459e+02    0.00000e+00

           Step           Time
          68000       34.00000

   Energies (kJ/mol)
     Tab. Bonds        LJ (SR)   Coulomb (SR)   COM Pull En.      Potential
   -6.19308e+00    0.00000e+00    0.00000e+00   -1.00675e+03   -1.01294e+03
    Kinetic En.   Total Energy    Temperature Pressure (bar)
    3.15127e+00   -1.00979e+03    2.52674e+02    0.00000e+00

Large VCM(group rest):    -14.68608,      0.00000,      0.00000, Temp-cm:  1.43787e+00
Large VCM(group rest):    -13.21448,      0.00000,      0.00000, Temp-cm:  1.16415e+00
           Step           Time
          69000       34.50000

   Energies (kJ/mol)
     Tab. Bonds        LJ (SR)   Coulomb (SR)   COM Pull En.      Potential
   -9.34925e+00    0.00000e+00    0.00000e+00   -1.00969e+03   -1.01904e+03
    Kinetic En.   Total Energy    Temperature Pressure (bar)
    7.19011e-01   -1.01832e+03    5.76515e+01    0.00000e+00

Large VCM(group rest):     13.68720,      0.00000,      0.00000, Temp-cm:  1.24893e+00
           Step           Time
          70000       35.00000

   Energies (kJ/mol)
     Tab. Bonds        LJ (SR)   Coulomb (SR)   COM Pull En.      Potential
   -1.19780e+01    0.00000e+00    0.00000e+00   -1.01284e+03   -1.02482e+03
    Kinetic En.   Total Energy    Temperature Pressure (bar)
    1.01615e+00   -1.02381e+03    8.14767e+01    0.00000e+00

           Step           Time
          71000       35.50000

   Energies (kJ/mol)
     Tab. Bonds        LJ (SR)   Coulomb (SR)   COM Pull En.      Potential
   -4.43109e+00    0.00000e+00    0.00000e+00   -1.02418e+03   -1.02861e+03
    Kinetic En.   Total Energy    Temperature Pressure (bar)
    2.82564e+00   -1.02578e+03    2.26564e+02    0.00000e+00

Large VCM(group rest):    -13.11386,      0.00000,      0.00000, Temp-cm:  1.14649e+00
           Step           Time
          72000       36.00000

   Energies (kJ/mol)
     Tab. Bonds        LJ (SR)   Coulomb (SR)   COM Pull En.      Potential
   -1.43492e+01    0.00000e+00    0.00000e+00   -1.02037e+03   -1.03472e+03
    Kinetic En.   Total Energy    Temperature Pressure (bar)
    1.73929e+00   -1.03298e+03    1.39459e+02    0.00000e+00

           Step           Time
          73000       36.50000

   Energies (kJ/mol)
     Tab. Bonds        LJ (SR)   Coulomb (SR)   COM Pull En.      Potential
   -1.17729e+01    0.00000e+00    0.00000e+00   -1.02793e+03   -1.03971e+03
    Kinetic En.   Total Energy    Temperature Pressure (bar)
    2.16224e+00   -1.03754e+03    1.73372e+02    0.00000e+00

Large VCM(group rest):     16.76942,      0.00000,      0.00000, Temp-cm:  1.87476e+00
           Step           Time
          74000       37.00000

   Energies (kJ/mol)
     Tab. Bonds        LJ (SR)   Coulomb (SR)   COM Pull En.      Potential
   -1.43199e+01    0.00000e+00    0.00000e+00   -1.03304e+03   -1.04736e+03
    Kinetic En.   Total Energy    Temperature Pressure (bar)
    1.84169e+00   -1.04552e+03    1.47670e+02    0.00000e+00

Large VCM(group rest):     15.74790,      0.00000,      0.00000, Temp-cm:  1.65331e+00
           Step           Time
          75000       37.50000

   Energies (kJ/mol)
     Tab. Bonds        LJ (SR)   Coulomb (SR)   COM Pull En.      Potential
   -1.83412e+01    0.00000e+00    0.00000e+00   -1.03478e+03   -1.05312e+03
    Kinetic En.   Total Energy    Temperature Pressure (bar)
    1.09582e+00   -1.05203e+03    8.78648e+01    0.00000e+00

           Step           Time
          76000       38.00000

   Energies (kJ/mol)
     Tab. Bonds        LJ (SR)   Coulomb (SR)   COM Pull En.      Potential
   -1.68264e+01    0.00000e+00    0.00000e+00   -1.04252e+03   -1.05934e+03
    Kinetic En.   Total Energy    Temperature Pressure (bar)
    6.20425e-01   -1.05872e+03    4.97466e+01    0.00000e+00

Large VCM(group rest):     12.51414,      0.00000,      0.00000, Temp-cm:  1.04403e+00
           Step           Time
          77000       38.50000

   Energies (kJ/mol)
     Tab. Bonds        LJ (SR)   Coulomb (SR)   COM Pull En.      Potential
   -7.71705e+00    0.00000e+00    0.00000e+00   -1.05271e+03   -1.06043e+03
    Kinetic En.   Total Energy    Temperature Pressure (bar)
    1.42809e+00   -1.05900e+03    1.14507e+02    0.00000e+00

Large VCM(group rest):     13.92947,      0.00000,      0.00000, Temp-cm:  1.29353e+00
           Step           Time
          78000       39.00000

   Energies (kJ/mol)
     Tab. Bonds        LJ (SR)   Coulomb (SR)   COM Pull En.      Potential
   -1.24553e+01    0.00000e+00    0.00000e+00   -1.05550e+03   -1.06796e+03
    Kinetic En.   Total Energy    Temperature Pressure (bar)
    3.94351e+00   -1.06401e+03    3.16196e+02    0.00000e+00

           Step           Time
          79000       39.50000

   Energies (kJ/mol)
     Tab. Bonds        LJ (SR)   Coulomb (SR)   COM Pull En.      Potential
   -1.43525e+01    0.00000e+00    0.00000e+00   -1.05631e+03   -1.07066e+03
    Kinetic En.   Total Energy    Temperature Pressure (bar)
    1.68247e+00   -1.06898e+03    1.34903e+02    0.00000e+00

           Step           Time
          80000       40.00000

   Energies (kJ/mol)
     Tab. Bonds        LJ (SR)   Coulomb (SR)   COM Pull En.      Potential
   -1.56448e+01    0.00000e+00    0.00000e+00   -1.06258e+03   -1.07823e+03
    Kinetic En.   Total Energy    Temperature Pressure (bar)
    4.67119e-01   -1.07776e+03    3.74544e+01    0.00000e+00

Large VCM(group rest):     17.45512,      0.00000,      0.00000, Temp-cm:  2.03121e+00
           Step           Time
          81000       40.50000

   Energies (kJ/mol)
     Tab. Bonds        LJ (SR)   Coulomb (SR)   COM Pull En.      Potential
   -8.69316e+00    0.00000e+00    0.00000e+00   -1.07049e+03   -1.07918e+03
    Kinetic En.   Total Energy    Temperature Pressure (bar)
    8.37232e-01   -1.07835e+03    6.71306e+01    0.00000e+00

Large VCM(group rest):    -16.72986,      0.00000,      0.00000, Temp-cm:  1.86592e+00
           Step           Time
          82000       41.00000

   Energies (kJ/mol)
     Tab. Bonds        LJ (SR)   Coulomb (SR)   COM Pull En.      Potential
   -1.39485e+01    0.00000e+00    0.00000e+00   -1.07054e+03   -1.08448e+03
    Kinetic En.   Total Energy    Temperature Pressure (bar)
    3.02399e+00   -1.08146e+03    2.42468e+02    0.00000e+00

           Step           Time
          83000       41.50000

   Energies (kJ/mol)
     Tab. Bonds        LJ (SR)   Coulomb (SR)   COM Pull En.      Potential
   -1.31636e+01    0.00000e+00    0.00000e+00   -1.07361e+03   -1.08677e+03
    Kinetic En.   Total Energy    Temperature Pressure (bar)
    1.09425e+00   -1.08568e+03    8.77390e+01    0.00000e+00

           Step           Time
          84000       42.00000

   Energies (kJ/mol)
     Tab. Bonds        LJ (SR)   Coulomb (SR)   COM Pull En.      Potential
   -1.55213e+01    0.00000e+00    0.00000e+00   -1.07539e+03   -1.09091e+03
    Kinetic En.   Total Energy    Temperature Pressure (bar)
    8.02239e-01   -1.09011e+03    6.43248e+01    0.00000e+00

Large VCM(group rest):    -13.34655,      0.00000,      0.00000, Temp-cm:  1.18754e+00
           Step           Time
          85000       42.50000

   Energies (kJ/mol)
     Tab. Bonds        LJ (SR)   Coulomb (SR)   COM Pull En.      Potential
   -1.01982e+01    0.00000e+00    0.00000e+00   -1.08370e+03   -1.09390e+03
    Kinetic En.   Total Energy    Temperature Pressure (bar)
    1.22561e+00   -1.09267e+03    9.82713e+01    0.00000e+00

Large VCM(group rest):     17.06030,      0.00000,      0.00000, Temp-cm:  1.94036e+00
           Step           Time
          86000       43.00000

   Energies (kJ/mol)
     Tab. Bonds        LJ (SR)   Coulomb (SR)   COM Pull En.      Potential
   -1.42247e+01    0.00000e+00    0.00000e+00   -1.08312e+03   -1.09735e+03
    Kinetic En.   Total Energy    Temperature Pressure (bar)
    3.99107e+00   -1.09336e+03    3.20010e+02    0.00000e+00

Large VCM(group rest):     13.77524,      0.00000,      0.00000, Temp-cm:  1.26505e+00
Large VCM(group rest):     16.16889,      0.00000,      0.00000, Temp-cm:  1.74289e+00
Large VCM(group rest):    -16.28629,      0.00000,      0.00000, Temp-cm:  1.76829e+00
Large VCM(group rest):     18.18475,      0.00000,      0.00000, Temp-cm:  2.20457e+00
           Step           Time
          87000       43.50000

   Energies (kJ/mol)
     Tab. Bonds        LJ (SR)   Coulomb (SR)   COM Pull En.      Potential
   -1.95640e+01    0.00000e+00    0.00000e+00   -1.08348e+03   -1.10305e+03
    Kinetic En.   Total Energy    Temperature Pressure (bar)
    1.71020e+00   -1.10134e+03    1.37126e+02    0.00000e+00

           Step           Time
          88000       44.00000

   Energies (kJ/mol)
     Tab. Bonds        LJ (SR)   Coulomb (SR)   COM Pull En.      Potential
   -1.73923e+01    0.00000e+00    0.00000e+00   -1.08794e+03   -1.10533e+03
    Kinetic En.   Total Energy    Temperature Pressure (bar)
    2.36557e+00   -1.10296e+03    1.89675e+02    0.00000e+00

Large VCM(group rest):     14.76530,      0.00000,      0.00000, Temp-cm:  1.45343e+00
Large VCM(group rest):     16.09218,      0.00000,      0.00000, Temp-cm:  1.72639e+00
           Step           Time
          89000       44.50000

   Energies (kJ/mol)
     Tab. Bonds        LJ (SR)   Coulomb (SR)   COM Pull En.      Potential
   -1.68472e+01    0.00000e+00    0.00000e+00   -1.09077e+03   -1.10761e+03
    Kinetic En.   Total Energy    Temperature Pressure (bar)
    9.19290e-01   -1.10669e+03    7.37101e+01    0.00000e+00

Large VCM(group rest):    -13.43710,      0.00000,      0.00000, Temp-cm:  1.20370e+00
Large VCM(group rest):    -13.92272,      0.00000,      0.00000, Temp-cm:  1.29228e+00
           Step           Time
          90000       45.00000

   Energies (kJ/mol)
     Tab. Bonds        LJ (SR)   Coulomb (SR)   COM Pull En.      Potential
   -1.38952e+01    0.00000e+00    0.00000e+00   -1.09856e+03   -1.11245e+03
    Kinetic En.   Total Energy    Temperature Pressure (bar)
    1.61700e+00   -1.11084e+03    1.29653e+02    0.00000e+00

           Step           Time
          91000       45.50000

   Energies (kJ/mol)
     Tab. Bonds        LJ (SR)   Coulomb (SR)   COM Pull En.      Potential
   -1.89330e+01    0.00000e+00    0.00000e+00   -1.09655e+03   -1.11548e+03
    Kinetic En.   Total Energy    Temperature Pressure (bar)
    9.89160e-01   -1.11449e+03    7.93124e+01    0.00000e+00

Large VCM(group rest):     13.01003,      0.00000,      0.00000, Temp-cm:  1.12840e+00
           Step           Time
          92000       46.00000

   Energies (kJ/mol)
     Tab. Bonds        LJ (SR)   Coulomb (SR)   COM Pull En.      Potential
   -1.33664e+01    0.00000e+00    0.00000e+00   -1.10562e+03   -1.11899e+03
    Kinetic En.   Total Energy    Temperature Pressure (bar)
    1.04922e+00   -1.11794e+03    8.41281e+01    0.00000e+00

           Step           Time
          93000       46.50000

   Energies (kJ/mol)
     Tab. Bonds        LJ (SR)   Coulomb (SR)   COM Pull En.      Potential
   -1.44621e+01    0.00000e+00    0.00000e+00   -1.10651e+03   -1.12097e+03
    Kinetic En.   Total Energy    Temperature Pressure (bar)
    7.49584e-01   -1.12023e+03    6.01029e+01    0.00000e+00

Large VCM(group rest):     14.35755,      0.00000,      0.00000, Temp-cm:  1.37426e+00
Large VCM(group rest):     12.44666,      0.00000,      0.00000, Temp-cm:  1.03280e+00
           Step           Time
          94000       47.00000

   Energies (kJ/mol)
     Tab. Bonds        LJ (SR)   Coulomb (SR)   COM Pull En.      Potential
   -1.58125e+01    0.00000e+00    0.00000e+00   -1.11162e+03   -1.12743e+03
    Kinetic En.   Total Energy    Temperature Pressure (bar)
    6.01938e-01   -1.12683e+03    4.82643e+01    0.00000e+00

Large VCM(group rest):    -13.38268,      0.00000,      0.00000, Temp-cm:  1.19397e+00
Large VCM(group rest):     16.06301,      0.00000,      0.00000, Temp-cm:  1.72014e+00
           Step           Time
          95000       47.50000

   Energies (kJ/mol)
     Tab. Bonds        LJ (SR)   Coulomb (SR)   COM Pull En.      Potential
   -9.23378e+00    0.00000e+00    0.00000e+00   -1.11886e+03   -1.12809e+03
    Kinetic En.   Total Energy    Temperature Pressure (bar)
    4.30742e-01   -1.12766e+03    3.45376e+01    0.00000e+00

           Step           Time
          96000       48.00000

Large VCM(group rest):     15.89551,      0.00000,      0.00000, Temp-cm:  1.68445e+00
   Energies (kJ/mol)
     Tab. Bonds        LJ (SR)   Coulomb (SR)   COM Pull En.      Potential
   -1.59301e+01    0.00000e+00    0.00000e+00   -1.11724e+03   -1.13317e+03
    Kinetic En.   Total Energy    Temperature Pressure (bar)
    3.59975e+00   -1.12957e+03    2.88634e+02    0.00000e+00

Large VCM(group rest):    -13.20346,      0.00000,      0.00000, Temp-cm:  1.16221e+00
           Step           Time
          97000       48.50000

   Energies (kJ/mol)
     Tab. Bonds        LJ (SR)   Coulomb (SR)   COM Pull En.      Potential
   -1.42632e+01    0.00000e+00    0.00000e+00   -1.12121e+03   -1.13547e+03
    Kinetic En.   Total Energy    Temperature Pressure (bar)
    1.79852e+00   -1.13367e+03    1.44208e+02    0.00000e+00

           Step           Time
          98000       49.00000

   Energies (kJ/mol)
     Tab. Bonds        LJ (SR)   Coulomb (SR)   COM Pull En.      Potential
   -1.42986e+01    0.00000e+00    0.00000e+00   -1.12391e+03   -1.13821e+03
    Kinetic En.   Total Energy    Temperature Pressure (bar)
    2.46847e+00   -1.13574e+03    1.97926e+02    0.00000e+00

           Step           Time
          99000       49.50000

   Energies (kJ/mol)
     Tab. Bonds        LJ (SR)   Coulomb (SR)   COM Pull En.      Potential
   -5.24628e+00    0.00000e+00    0.00000e+00   -1.13431e+03   -1.13956e+03
    Kinetic En.   Total Energy    Temperature Pressure (bar)
    2.35338e+00   -1.13720e+03    1.88698e+02    0.00000e+00

           Step           Time
         100000       50.00000

Writing checkpoint, step 100000 at Tue Apr 17 16:05:56 2018


   Energies (kJ/mol)
     Tab. Bonds        LJ (SR)   Coulomb (SR)   COM Pull En.      Potential
   -5.63785e+00    0.00000e+00    0.00000e+00   -1.13712e+03   -1.14276e+03
    Kinetic En.   Total Energy    Temperature Pressure (bar)
    2.37359e+00   -1.14039e+03    1.90319e+02    0.00000e+00

	<======  ###############  ==>
	<====  A V E R A G E S  ====>
	<==  ###############  ======>

	Statistics over 100001 steps using 1001 frames

   Energies (kJ/mol)
     Tab. Bonds        LJ (SR)   Coulomb (SR)   COM Pull En.      Potential
   -1.38790e+01    0.00000e+00    0.00000e+00   -7.39954e+02   -7.53833e+02
    Kinetic En.   Total Energy    Temperature Pressure (bar)
    2.02551e+00   -7.51808e+02    1.62408e+02    0.00000e+00

   Total Virial (kJ/mol)
    1.30384e-01    0.00000e+00    0.00000e+00
    0.00000e+00    0.00000e+00    0.00000e+00
    0.00000e+00    0.00000e+00    0.00000e+00

   Pressure (bar)
    0.00000e+00    0.00000e+00    0.00000e+00
    0.00000e+00    0.00000e+00    0.00000e+00
    0.00000e+00    0.00000e+00    0.00000e+00


	M E G A - F L O P S   A C C O U N T I N G

 NB=Group-cutoff nonbonded kernels    NxN=N-by-N cluster Verlet kernels
 RF=Reaction-Field  VdW=Van der Waals  QSTab=quadratic-spline table
 W3=SPC/TIP3p  W4=TIP4p (single or pairs)
 V&F=Potential and force  V=Potential only  F=Force only

 Computing:                               M-Number         M-Flops  % Flops
-----------------------------------------------------------------------------
 NS-Pairs                                 0.010001           0.210     1.3
 CG-CoM                                   0.040004           0.120     0.8
 Tab. Bonds                               0.200002          12.400    78.4
 Virial                                   0.049049           0.883     5.6
 Stop-CM                                  0.004008           0.040     0.3
 Calc-Ekin                                0.080008           2.160    13.7
-----------------------------------------------------------------------------
 Total                                                      15.813   100.0
-----------------------------------------------------------------------------


     R E A L   C Y C L E   A N D   T I M E   A C C O U N T I N G

On 1 MPI rank

 Computing:          Num   Num      Call    Wall time         Giga-Cycles
                     Ranks Threads  Count      (s)         total sum    %
-----------------------------------------------------------------------------
 Neighbor search        1    1      10001       0.010          0.024   0.4
 Force                  1    1     100001       0.087          0.202   3.1
 COM pull force         1    1     100001       0.033          0.077   1.2
 AWH                    1    1     100001       1.240          2.885  44.9
 Write traj.            1    1          1       0.647          1.504  23.4
 Update                 1    1     100001       0.054          0.125   1.9
 Rest                                           0.693          1.613  25.1
-----------------------------------------------------------------------------
 Total                                          2.764          6.431 100.0
-----------------------------------------------------------------------------

               Core t (s)   Wall t (s)        (%)
       Time:        2.764        2.764      100.0
                 (ns/day)    (hour/ns)
Performance:     1562.842        0.015
Finished mdrun on rank 0 Tue Apr 17 16:05:57 2018
